1	14:23:02	Realtime started	
1	14:35:01	Calibration started	
1	14:35:09	Calibration finished after 8.1138 seconds	
1	14:35:12	File created	
1	14:35:12	File saved as C:\Users\CIRMMT A820\Documents\Karlax\Calibrations\20240224_143356.qca	
1	14:40:03	Calibration started	
1	14:40:11	Calibration finished after 8.0468 seconds	
1	14:40:49	File closed	
1	14:40:50	Realtime started	
1	14:41:42	Calibration started	
1	14:41:54	Calibration finished after 11.8026 seconds	
1	14:41:56	File created	
1	14:41:56	File saved as C:\Users\CIRMMT A820\Documents\Karlax\Calibrations\20240224_144109.qca	
1	14:43:00	File closed	
1	14:43:07	Realtime started	
1	14:45:45	Calibration started	
1	14:45:53	Calibration finished after 8.4867 seconds	
1	14:45:55	File created	
1	14:45:56	File saved as C:\Users\CIRMMT A820\Documents\Karlax\Calibrations\20240224_144457.qca	
1	14:46:19	File closed	
1	14:46:25	Realtime started	
1	14:47:21	Calibration started	
1	14:47:33	Calibration finished after 11.9279 seconds	
1	14:47:35	File created	
1	14:47:35	File saved as C:\Users\CIRMMT A820\Documents\Karlax\Calibrations\20240224_144643.qca	
1	14:48:32	File closed	
1	14:48:37	Realtime started	
1	14:49:58	Calibration started	
1	14:50:07	Calibration finished after 8.7331 seconds	
1	14:50:09	File created	
1	14:50:09	File saved as C:\Users\CIRMMT A820\Documents\Karlax\Calibrations\20240224_144915.qca	
1	14:50:30	File closed	
1	14:50:35	Realtime started	
1	14:51:40	Calibration started	
1	14:51:47	Calibration finished after 6.8679 seconds	
1	14:51:49	File created	
1	14:51:49	File saved as C:\Users\CIRMMT A820\Documents\Karlax\Calibrations\20240224_145052.qca	
1	14:52:04	File closed	
1	14:52:56	Realtime started	
1	14:55:19	Calibration started	
1	14:55:24	Calibration finished after 5.6602 seconds	
1	14:55:26	File created	
1	14:55:27	File saved as C:\Users\CIRMMT A820\Documents\Karlax\Calibrations\20240224_145446.qca	
1	14:57:36	Calibration started	
1	14:57:42	Calibration finished after 5.6878 seconds	
1	14:58:58	File saved as C:\Users\CIRMMT A820\Documents\Karlax\Calibrations\20240224_145446.qca	
1	15:02:08	File closed	
1	15:02:09	Realtime started	
1	15:02:54	Calibration started	
1	15:03:01	Calibration finished after 7.1843 seconds	
1	15:03:03	File created	
1	15:03:03	File saved as C:\Users\CIRMMT A820\Documents\Karlax\Calibrations\20240224_150221.qca	
1	15:03:32	File closed	
1	15:03:43	File loaded from C:\Users\CIRMMT A820\Documents\Karlax\Calibrations\20240224_145446.qca	
1	15:13:31	File closed	
1	15:13:32	Realtime started	
2	15:14:25	File loaded from C:\Users\CIRMMT A820\Documents\Karlax\Calibrations\20240224_145446.qca	
1	15:14:29	Disconnected	
2	15:15:45	File closed	
2	15:15:47	Realtime started	
2	15:16:10	File created	
2	15:16:26	File closed	
2	15:16:27	Realtime started	
2	15:16:54	File created	
2	15:21:43	File saved as C:\Users\CIRMMT A820\Documents\Karlax\Measurement35.qtm	
2	15:21:44	File closed	
2	15:21:46	Realtime started	
2	15:22:19	File created	
2	15:24:07	No skeleton definition(s) could be created. Verify that the markers are labeled and prefixed correctly.	No skeleton definition(s) could be created. Verify that the markers are labeled and prefixed correctly.
2	15:24:08	No skeleton definition(s) could be created. Verify that the markers are labeled and prefixed correctly.	No skeleton definition(s) could be created. Verify that the markers are labeled and prefixed correctly.
2	15:27:02	File saved as C:\Users\CIRMMT A820\Documents\Measurement37.qtm	
2	15:30:42	File closed	
