2	13:22:48	File loaded from C:\Users\CIRMMT A820\Documents\Karlax\Measurement35.qtm	
2	13:23:23	File closed	
2	13:23:24	Realtime started	
2	14:25:53	Disconnected	
1	14:30:42	Realtime started	
1	15:11:03	Not all gaps were filled	302 gaps out of 467 were filled. The other 165 gaps were longer than 10 frames (max gap length).  Adjust maximum gap length in trajectories settings in project options or in reprocessing trajectories settings.
1	15:11:03	File created	
1	15:35:03	File saved as C:\Users\CIRMMT A820\Documents\Karlax\Measurement2.qtm	
1	15:35:03	File closed	
1	15:35:05	Realtime started	
1	15:41:17	Not all gaps were filled	52 gaps out of 72 were filled. The other 20 gaps were longer than 10 frames (max gap length).  Adjust maximum gap length in trajectories settings in project options or in reprocessing trajectories settings.
1	15:41:17	File created	
1	15:41:48	File closed	
1	15:41:49	Realtime started	
1	15:44:16	Not all gaps were filled	92 gaps out of 124 were filled. The other 32 gaps were longer than 10 frames (max gap length).  Adjust maximum gap length in trajectories settings in project options or in reprocessing trajectories settings.
1	15:44:16	File created	
1	15:44:46	File saved as C:\Users\CIRMMT A820\Documents\Karlax\Measurement6.qtm	
1	15:44:50	File closed	
1	15:44:51	File loaded from C:\Users\CIRMMT A820\Documents\Karlax\Measurement2.qtm	
1	15:45:26	File closed	
1	15:45:27	File loaded from C:\Users\CIRMMT A820\Documents\Karlax\Measurement6.qtm	
1	16:15:00	File saved as C:\Users\CIRMMT A820\Documents\Karlax\Measurement6.qtm	
1	16:15:00	File closed	
1	16:15:01	Realtime started	
1	16:22:58	Not all gaps were filled	146 gaps out of 255 were filled. The other 109 gaps were longer than 10 frames (max gap length).  Adjust maximum gap length in trajectories settings in project options or in reprocessing trajectories settings.
1	16:22:58	File created	
1	16:29:04	No skeleton definition(s) could be created. Verify that the markers are labeled and prefixed correctly.	No skeleton definition(s) could be created. Verify that the markers are labeled and prefixed correctly.
1	16:29:17	No skeleton definition(s) could be created. Verify that the markers are labeled and prefixed correctly.	No skeleton definition(s) could be created. Verify that the markers are labeled and prefixed correctly.
1	17:03:38	No skeleton definition(s) could be created. Verify that the markers are labeled and prefixed correctly.	No skeleton definition(s) could be created. Verify that the markers are labeled and prefixed correctly.
1	17:08:48	No skeleton definition(s) could be created. Verify that the markers are labeled and prefixed correctly.	No skeleton definition(s) could be created. Verify that the markers are labeled and prefixed correctly.
1	17:10:21	Not all gaps were filled	No gaps were filled. The gaps were all longer than 10 frames (max gap length).  Adjust maximum gap length in trajectories settings in project options or in reprocessing trajectories settings.
1	17:10:55	Not all gaps were filled	No gaps were filled.  Skeleton data might be missing.
1	17:11:20	Not all gaps were filled	No gaps were filled.  Skeleton data might be missing.
1	17:18:23	File saved as C:\Users\CIRMMT A820\Documents\Karlax\Measurement10.qtm	
1	17:19:13	File saved as C:\Users\CIRMMT A820\Documents\Karlax\Measurement10.qtm	
1	17:19:13	File closed	
1	17:19:14	Realtime started	
1	17:25:51	Not all gaps were filled	40 gaps out of 68 were filled. The other 28 gaps were longer than 10 frames (max gap length).  Adjust maximum gap length in trajectories settings in project options or in reprocessing trajectories settings.
1	17:25:51	File created	
1	17:44:51	No skeleton definition(s) could be created. Verify that the markers are labeled and prefixed correctly.	No skeleton definition(s) could be created. Verify that the markers are labeled and prefixed correctly.
1	17:45:14	Not all gaps were filled	No gaps were filled.  Skeleton data might be missing.
1	17:45:29	Not all gaps were filled	40 gaps out of 42 were filled. The other 2 gaps were longer than 10 frames (max gap length).  Adjust maximum gap length in trajectories settings in project options or in reprocessing trajectories settings.
1	17:45:36	Not all gaps were filled	9 gaps out of 11 were filled. The other 2 gaps were longer than 10 frames (max gap length).  Adjust maximum gap length in trajectories settings in project options or in reprocessing trajectories settings.
1	17:45:42	Not all gaps were filled	7 gaps out of 8 were filled. One gap was longer than 10 frames (max gap length).  Adjust maximum gap length in trajectories settings in project options or in reprocessing trajectories settings.
1	17:47:48	No skeleton definition(s) could be created. Verify that the markers are labeled and prefixed correctly.	No skeleton definition(s) could be created. Verify that the markers are labeled and prefixed correctly.
1	17:47:49	No skeleton definition(s) could be created. Verify that the markers are labeled and prefixed correctly.	No skeleton definition(s) could be created. Verify that the markers are labeled and prefixed correctly.
1	17:49:49	File saved as C:\Users\CIRMMT A820\Documents\Karlax\AIM models\Measurement12.qtm	
1	17:49:49	File closed	
1	17:49:51	Realtime started	
1	17:53:46	File created	
1	18:00:32	No skeleton definition(s) could be created. Verify that the markers are labeled and prefixed correctly.	No skeleton definition(s) could be created. Verify that the markers are labeled and prefixed correctly.
1	18:00:59	File saved as C:\Users\CIRMMT A820\Documents\Karlax\Measurement14.qtm	
1	18:04:52	File closed	
1	18:08:20	File loaded from C:\Users\CIRMMT A820\Documents\Karlax\Measurement14.qtm	
1	18:18:55	QY: 'WaistLFront' could not be found.	QY: 'WaistLFront' could not be found.
1	18:18:55	No skeleton definition(s) could be created. Verify that the markers are labeled and prefixed correctly.	No skeleton definition(s) could be created. Verify that the markers are labeled and prefixed correctly.
1	18:21:05	QY: 'WaistLFront' could not be found.	QY: 'WaistLFront' could not be found.
1	18:21:05	No skeleton definition(s) could be created. Verify that the markers are labeled and prefixed correctly.	No skeleton definition(s) could be created. Verify that the markers are labeled and prefixed correctly.
1	18:23:31	QY: 'WaistLFront' could not be found.	QY: 'WaistLFront' could not be found.
1	18:23:31	No skeleton definition(s) could be created. Verify that the markers are labeled and prefixed correctly.	No skeleton definition(s) could be created. Verify that the markers are labeled and prefixed correctly.
1	18:24:43	QY: 'WaistLFront' could not be found.	QY: 'WaistLFront' could not be found.
1	18:24:43	No skeleton definition(s) could be created. Verify that the markers are labeled and prefixed correctly.	No skeleton definition(s) could be created. Verify that the markers are labeled and prefixed correctly.
1	18:24:44	QY: 'WaistLFront' could not be found.	QY: 'WaistLFront' could not be found.
1	18:24:44	No skeleton definition(s) could be created. Verify that the markers are labeled and prefixed correctly.	No skeleton definition(s) could be created. Verify that the markers are labeled and prefixed correctly.
1	18:25:03	QY: 'WaistLFront' could not be found.	QY: 'WaistLFront' could not be found.
1	18:25:03	No skeleton definition(s) could be created. Verify that the markers are labeled and prefixed correctly.	No skeleton definition(s) could be created. Verify that the markers are labeled and prefixed correctly.
1	18:25:32	QY: 'WaistLFront' could not be found.	QY: 'WaistLFront' could not be found.
1	18:25:32	No skeleton definition(s) could be created. Verify that the markers are labeled and prefixed correctly.	No skeleton definition(s) could be created. Verify that the markers are labeled and prefixed correctly.
1	18:30:31	File saved as C:\Users\CIRMMT A820\Documents\Karlax\Measurement14.qtm	
1	18:30:31	File closed	
